[2025-12-01 00:01:12] INFO: Document Editor started
[2025-12-01 00:02:13] DEBUG: Command history cleared
[2025-12-01 00:02:13] INFO: Created new document: My Sample Document
[2025-12-01 00:03:34] INFO: Document 'My Sample Document' has been modified
[2025-12-01 00:03:34] DEBUG: UI updated to show document as modified
[2025-12-01 00:03:34] INFO: Added element: Paragraph{id='element_1', text='This is a sample paragraph demonstrating the document editor'}
[2025-12-01 00:03:34] DEBUG: Command executed: Add Paragraph element
[2025-12-01 00:04:29] INFO: Document 'My Sample Document' has been modified
[2025-12-01 00:04:29] DEBUG: UI updated to show document as modified
[2025-12-01 00:04:29] INFO: Added element: Headline{id='element_2', text='Introduction', level=1}
[2025-12-01 00:04:29] DEBUG: Command executed: Add Headline element
[2025-12-01 00:05:46] INFO: Document 'My Sample Document' has been modified
[2025-12-01 00:05:46] DEBUG: UI updated to show document as modified
[2025-12-01 00:05:46] INFO: Added element: Image{id='element_3', filename='sample.jpg', width=800, height=800}
[2025-12-01 00:05:46] DEBUG: Command executed: Add Image element
[2025-12-01 00:06:39] INFO: Document 'My Sample Document' has been modified
[2025-12-01 00:06:39] DEBUG: UI updated to show document as modified
[2025-12-01 00:06:39] INFO: Added element: Paragraph{id='element_4', text='This paragraph comes after the image and shows the flexibility of our document structure'}
[2025-12-01 00:06:39] DEBUG: Command executed: Add Paragraph element
[2025-12-01 00:09:24] INFO: Document 'My Sample Document' has been modified
[2025-12-01 00:09:24] DEBUG: UI updated to show document as modified
[2025-12-01 00:09:24] INFO: Removed element: Paragraph{id='element_4', text='This paragraph comes after the image and shows the flexibility of our document structure'}
[2025-12-01 00:09:24] INFO: Undid: Add Paragraph element
[2025-12-01 00:09:42] INFO: Document 'My Sample Document' has been modified
[2025-12-01 00:09:42] DEBUG: UI updated to show document as modified
[2025-12-01 00:09:42] INFO: Added element: Paragraph{id='element_4', text='This paragraph comes after the image and shows the flexibility of our document structure'}
[2025-12-01 00:09:42] INFO: Redid: Add Paragraph element
[2025-12-01 00:11:27] INFO: Document exported to: sample1.txt
[2025-12-01 00:11:52] INFO: Document exported to: sample2.html
[2025-12-01 00:12:08] INFO: Document exported to: sample3.html
[2025-12-01 00:12:25] INFO: Document exported to: sample4.md
[2025-12-01 00:12:37] INFO: Document exported to: sample5.pdf
[2025-12-01 00:15:07] INFO: Document saved to: my_document.json
[2025-12-01 00:16:00] DEBUG: Parsed document from JSON (simplified implementation)
[2025-12-01 00:16:00] INFO: Document loaded from: my_document.json
[2025-12-01 00:16:00] DEBUG: Command history cleared
[2025-12-01 00:18:13] INFO: Starting cloud save operation for: cloud_document.json
[2025-12-01 00:18:13] INFO: Document saved to: temp_cloud_document.json
[2025-12-01 00:18:13] INFO: Uploading to Google Drive: cloud_document.json
[2025-12-01 00:18:13] INFO: Successfully uploaded to Google Drive: https://drive.google.com/file/d/simulated_-829489839/cloud_document.json
[2025-12-01 00:18:13] INFO: Cloud save completed successfully
[2025-12-01 00:19:00] INFO: Starting cloud load operation for: cloud_document.json
[2025-12-01 00:19:00] INFO: Downloading from Google Drive: cloud_document.json
[2025-12-01 00:19:00] INFO: Successfully downloaded from Google Drive: cloud_document.json
[2025-12-01 00:19:00] DEBUG: Parsed document from JSON (simplified implementation)
[2025-12-01 00:19:00] INFO: Document loaded from: temp_cloud_document.json
[2025-12-01 00:19:00] INFO: Cloud load completed successfully
[2025-12-01 00:19:00] DEBUG: Command history cleared
[2025-12-01 00:19:40] INFO: Cloud provider changed to: Dropbox
[2025-12-01 08:09:03] INFO: Document Editor started
[2025-12-01 08:10:22] DEBUG: Command history cleared
[2025-12-01 08:10:22] INFO: Created new document: My Sample Document
[2025-12-01 08:12:00] INFO: Document 'My Sample Document' has been modified
[2025-12-01 08:12:00] DEBUG: UI updated to show document as modified
[2025-12-01 08:12:00] INFO: Added element: Paragraph{id='element_1', text='This is a sample paragraph demonstrating the document editor'}
[2025-12-01 08:12:00] DEBUG: Command executed: Add Paragraph element
[2025-12-01 08:13:24] INFO: Document 'My Sample Document' has been modified
[2025-12-01 08:13:24] DEBUG: UI updated to show document as modified
[2025-12-01 08:13:24] INFO: Added element: Headline{id='element_2', text='Introduction', level=1}
[2025-12-01 08:13:24] DEBUG: Command executed: Add Headline element
[2025-12-01 08:14:28] INFO: Document 'My Sample Document' has been modified
[2025-12-01 08:14:28] DEBUG: UI updated to show document as modified
[2025-12-01 08:14:28] INFO: Added element: Image{id='element_3', filename='sample.jpg', width=800, height=600}
[2025-12-01 08:14:28] DEBUG: Command executed: Add Image element
[2025-12-01 08:16:15] INFO: Document exported to: sample1.txt
[2025-12-01 08:16:45] INFO: Document exported to: sample2.html
[2025-12-01 08:17:31] INFO: Document exported to: sample3.html
[2025-12-01 08:17:57] INFO: Document exported to: sample4.md
[2025-12-01 08:18:21] INFO: Document exported to: sample5.pdf
[2025-12-01 09:54:49] INFO: Document Editor started
[2025-12-01 09:57:01] DEBUG: Command history cleared
[2025-12-01 09:57:01] INFO: Created new document: This is a sample paragraph demonstrating the document editor.
[2025-12-01 10:02:26] INFO: Document Editor started
[2025-12-01 10:03:42] DEBUG: Command history cleared
[2025-12-01 10:03:42] INFO: Created new document: My Sample Document
[2025-12-01 10:04:31] INFO: Document 'My Sample Document' has been modified
[2025-12-01 10:04:31] DEBUG: UI updated to show document as modified
[2025-12-01 10:04:31] INFO: Added element: Paragraph{id='element_1', text='This is a sample paragraph demonstrating the document editor.'}
[2025-12-01 10:04:31] DEBUG: Command executed: Add Paragraph element
[2025-12-01 10:05:20] INFO: Document 'My Sample Document' has been modified
[2025-12-01 10:05:20] DEBUG: UI updated to show document as modified
[2025-12-01 10:05:20] INFO: Added element: Headline{id='element_2', text='Introduction', level=1}
[2025-12-01 10:05:20] DEBUG: Command executed: Add Headline element
[2025-12-01 10:06:00] INFO: Document 'My Sample Document' has been modified
[2025-12-01 10:06:00] DEBUG: UI updated to show document as modified
[2025-12-01 10:06:00] INFO: Added element: Image{id='element_3', filename='sample.jpg', width=800, height=600}
[2025-12-01 10:06:00] DEBUG: Command executed: Add Image element
[2025-12-01 10:06:59] INFO: Document exported to: sample1.txt
[2025-12-01 10:07:58] INFO: Document exported to: sample3.html
[2025-12-01 10:08:46] INFO: Document exported to: ample5.pdf
[2025-12-01 22:59:00] INFO: Document Editor started
